03-01 15:47:17 com_github_MitjaNemec_ReplicateLayout.action_replicate_layout 392:Plugin executed on: 'win32'
03-01 15:47:17 com_github_MitjaNemec_ReplicateLayout.action_replicate_layout 393:Plugin executed with python version: '3.9.16 (main, Apr  9 2023, 05:22:13) [MSC v.1934 64 bit (AMD64)]'
03-01 15:47:17 com_github_MitjaNemec_ReplicateLayout.action_replicate_layout 394:KiCad build version: 7.0.2
03-01 15:47:17 com_github_MitjaNemec_ReplicateLayout.action_replicate_layout 395:Plugin version: 2.1.3
03-01 15:47:17 com_github_MitjaNemec_ReplicateLayout.action_replicate_layout 396:Frame repr: <wx._core.Frame object at 0x000001FDDC188DC0>
03-01 15:47:17 com_github_MitjaNemec_ReplicateLayout.action_replicate_layout 420:Preparing replicator with J7 as a reference
03-01 15:47:17 com_github_MitjaNemec_ReplicateLayout.replicate_layout 117:getting a list of all footprints on board
03-01 15:47:17 com_github_MitjaNemec_ReplicateLayout.action_replicate_layout 468:source anchor footprint is 'J7'
Located on: ['ignition_0']
With filenames: ['ignition.kicad_sch']
With sheet_id:['ignition_0']
03-01 15:47:17 com_github_MitjaNemec_ReplicateLayout.action_replicate_layout 475:Corresponding footprints are 
[('J7', ['ignition_0']), ('J6', ['ignition_1'])]
03-01 15:47:17 com_github_MitjaNemec_ReplicateLayout.action_replicate_layout 487:Showing dialog
03-01 15:47:18 com_github_MitjaNemec_ReplicateLayout.replicate_layout 424:constructing a list of sheets suitable for replication on level:'ignition_0', file:'ignition.kicad_sch'
03-01 15:47:18 com_github_MitjaNemec_ReplicateLayout.replicate_layout 461:suitable sheets are:[['ignition_1']]
03-01 15:47:18 com_github_MitjaNemec_ReplicateLayout.replicate_layout 1464:Level selected: ['ignition_0']
03-01 15:47:18 com_github_MitjaNemec_ReplicateLayout.replicate_layout 1299:Filtering list of tracks
03-01 15:47:18 com_github_MitjaNemec_ReplicateLayout.action_replicate_layout 493:Toolbar position: wx.Point(1693, 138)
03-01 15:47:18 com_github_MitjaNemec_ReplicateLayout.action_replicate_layout 498:Dialog position: wx.Point(1254, 138)
03-01 15:47:19 com_github_MitjaNemec_ReplicateLayout.replicate_layout 424:constructing a list of sheets suitable for replication on level:'ignition_0', file:'ignition.kicad_sch'
03-01 15:47:19 com_github_MitjaNemec_ReplicateLayout.replicate_layout 461:suitable sheets are:[['ignition_1']]
03-01 15:47:19 com_github_MitjaNemec_ReplicateLayout.action_replicate_layout 240:Replicating layout
03-01 15:47:19 com_github_MitjaNemec_ReplicateLayout.replicate_layout 240:Starting replication of sheets: [['ignition_1']]
on level: ['ignition_0']
with tracks=True, zone=True, text=True, text=True, intersecting=False, remove=False, locked footprints=False, group_only=False
03-01 15:47:19 root 332:updating GUI message: 'Preparing for replication'
03-01 15:47:19 root 337:updating GUI with: 0
03-01 15:47:19 com_github_MitjaNemec_ReplicateLayout.replicate_layout 310:Getting the list of source footprints
03-01 15:47:19 com_github_MitjaNemec_ReplicateLayout.replicate_layout 320:Getting the list of all the remaining footprints
03-01 15:47:19 com_github_MitjaNemec_ReplicateLayout.replicate_layout 327:Getting source tracks
03-01 15:47:19 com_github_MitjaNemec_ReplicateLayout.replicate_layout 1299:Filtering list of tracks
03-01 15:47:19 com_github_MitjaNemec_ReplicateLayout.replicate_layout 331:Getting source zones
03-01 15:47:19 root 337:updating GUI with: 50
03-01 15:47:19 com_github_MitjaNemec_ReplicateLayout.replicate_layout 335:Getting source text items
03-01 15:47:19 root 337:updating GUI with: 66
03-01 15:47:19 com_github_MitjaNemec_ReplicateLayout.replicate_layout 339:Getting source drawing items
03-01 15:47:19 root 332:updating GUI message: 'Replicating footprints'
03-01 15:47:19 com_github_MitjaNemec_ReplicateLayout.replicate_layout 806:Replicating footprints
03-01 15:47:19 com_github_MitjaNemec_ReplicateLayout.replicate_layout 813:Replicating footprints on sheet ['ignition_1']
03-01 15:47:19 root 332:updating GUI message: 'Replicating tracks'
03-01 15:47:19 com_github_MitjaNemec_ReplicateLayout.replicate_layout 977:Replicating tracks
03-01 15:47:19 com_github_MitjaNemec_ReplicateLayout.replicate_layout 983:Replicating tracks on sheet ['ignition_1']
03-01 15:47:19 com_github_MitjaNemec_ReplicateLayout.replicate_layout 766:Net pairs for sheet ['ignition_1'] :[('GND', 'GND'), ('IGNITION0_OUTPUT', 'IGNITION1_OUTPUT'), ('ARM_POWER', 'ARM_POWER'), ('Net-(J7-Pin_2)', 'Net-(J6-Pin_2)'), ('+3.3V', '+3.3V'), ('Net-(Q13-G)', 'Net-(Q11-G)'), ('Net-(Q14-G)', 'Net-(Q12-G)'), ('IGNITION0_CONT', 'IGNITION1_CONT')]
03-01 15:47:19 root 332:updating GUI message: 'Replicating zones'
03-01 15:47:19 com_github_MitjaNemec_ReplicateLayout.replicate_layout 1047:Replicating zones
03-01 15:47:19 root 337:updating GUI with: 0
03-01 15:47:19 com_github_MitjaNemec_ReplicateLayout.replicate_layout 1054:Replicating zones on sheet ['ignition_1']
03-01 15:47:19 com_github_MitjaNemec_ReplicateLayout.replicate_layout 766:Net pairs for sheet ['ignition_1'] :[('GND', 'GND'), ('IGNITION0_OUTPUT', 'IGNITION1_OUTPUT'), ('ARM_POWER', 'ARM_POWER'), ('Net-(J7-Pin_2)', 'Net-(J6-Pin_2)'), ('+3.3V', '+3.3V'), ('Net-(Q13-G)', 'Net-(Q11-G)'), ('Net-(Q14-G)', 'Net-(Q12-G)'), ('IGNITION0_CONT', 'IGNITION1_CONT')]
03-01 15:47:19 root 332:updating GUI message: 'Replicating text'
03-01 15:47:19 com_github_MitjaNemec_ReplicateLayout.replicate_layout 1136:Replicating text
03-01 15:47:19 com_github_MitjaNemec_ReplicateLayout.replicate_layout 1143:Replicating text on sheet ['ignition_1']
03-01 15:47:19 root 332:updating GUI message: 'Replicating drawings'
03-01 15:47:19 com_github_MitjaNemec_ReplicateLayout.replicate_layout 1187:Replicating drawings
03-01 15:47:19 com_github_MitjaNemec_ReplicateLayout.replicate_layout 1193:Replicating drawings on sheet ['ignition_1']
03-01 15:47:20 com_github_MitjaNemec_ReplicateLayout.action_replicate_layout 256:Replication complete
